<?xml version="1.0" encoding="UTF-8"?>
<!-- Generated by org.testng.reporters.JUnitReportReporter -->
<testsuite skipped="0" hostname="DESKTOP-OH56QJU" name="com.orangehrm.testcases.LoginPageTest" tests="1" failures="0" timestamp="2023-02-23T11:49:42 IST" time="16.617" errors="0">
  <testcase name="orangeHRMLoginTest" time="16.617" classname="com.orangehrm.testcases.LoginPageTest"/>
  <system-out/>
</testsuite> <!-- com.orangehrm.testcases.LoginPageTest -->
