<?xml version="1.0" encoding="UTF-8"?>
<!-- Generated by org.testng.reporters.JUnitReportReporter -->
<testsuite skipped="0" hostname="DESKTOP-OH56QJU" name="com.orangehrm.testcases.DashboardPageTest" tests="1" failures="0" timestamp="2023-02-23T11:51:34 IST" time="24.978" errors="0">
  <testcase name="validatePersonalDetails" time="24.978" classname="com.orangehrm.testcases.DashboardPageTest"/>
  <system-out/>
</testsuite> <!-- com.orangehrm.testcases.DashboardPageTest -->
