<?xml version="1.0" encoding="UTF-8"?>
<!-- Generated by org.testng.reporters.JUnitReportReporter -->
<testsuite skipped="0" hostname="DESKTOP-OH56QJU" name="com.orangehrmtest.LoginPageTest" tests="2" failures="0" timestamp="2023-02-17T14:42:04 IST" time="28.907" errors="0">
  <testcase name="orangeHRMLoginTest" time="16.678" classname="com.orangehrmtest.LoginPageTest"/>
  <system-out/>
  <testcase name="orangeHRMLogoTest" time="12.229" classname="com.orangehrmtest.LoginPageTest"/>
  <system-out/>
</testsuite> <!-- com.orangehrmtest.LoginPageTest -->
